<?xml version="1.0" encoding="UTF-8"?>
<!-- Generated by org.testng.reporters.JUnitXMLReporter -->
<testsuite hostname="703177683MB.local" name="Admin Tests" tests="2" failures="1" timestamp="3 Jun 2019 08:55:07 GMT" time="16.616" errors="0">
  <testcase name="validatePageTitle" time="0.036" classname="com.qa.testcases.LoginPageTest">
    <failure type="junit.framework.ComparisonFailure" message="expected:&amp;lt;...w...&amp;gt; but was:&amp;lt;......&amp;gt;">
      <![CDATA[junit.framework.ComparisonFailure: expected:<...w...> but was:<......>
	at junit.framework.Assert.assertEquals(Assert.java:81)
	at junit.framework.Assert.assertEquals(Assert.java:87)
	at com.qa.testcases.LoginPageTest.validatePageTitle(LoginPageTest.java:46)
... Removed 24 stack frames]]>
    </failure>
  </testcase> <!-- validatePageTitle -->
  <testcase name="ValidateLogin" time="2.955" classname="com.qa.testcases.LoginPageTest"/>
</testsuite> <!-- Admin Tests -->
