<?xml version="1.0" encoding="UTF-8"?>
<testng-results skipped="0" failed="1" total="2" passed="1">
  <reporter-output>
  </reporter-output>
  <suite name="Test Suite" duration-ms="16616" started-at="2019-06-03T08:54:50Z" finished-at="2019-06-03T08:55:07Z">
    <groups>
    </groups>
    <test name="Admin Tests" duration-ms="16616" started-at="2019-06-03T08:54:50Z" finished-at="2019-06-03T08:55:07Z">
      <class name="com.qa.testcases.LoginPageTest">
        <test-method status="PASS" signature="setup()[pri:0, instance:com.qa.testcases.LoginPageTest@578486a3]" name="setup" is-config="true" duration-ms="8242" started-at="2019-06-03T14:24:50Z" finished-at="2019-06-03T14:24:58Z">
          <reporter-output>
          </reporter-output>
        </test-method> <!-- setup -->
        <test-method status="FAIL" signature="validatePageTitle()[pri:1, instance:com.qa.testcases.LoginPageTest@578486a3]" name="validatePageTitle" duration-ms="36" started-at="2019-06-03T14:24:58Z" finished-at="2019-06-03T14:24:58Z">
          <exception class="junit.framework.ComparisonFailure">
            <message>
              <![CDATA[expected:<...w...> but was:<......>]]>
            </message>
            <full-stacktrace>
              <![CDATA[junit.framework.ComparisonFailure: expected:<...w...> but was:<......>
	at junit.framework.Assert.assertEquals(Assert.java:81)
	at junit.framework.Assert.assertEquals(Assert.java:87)
	at com.qa.testcases.LoginPageTest.validatePageTitle(LoginPageTest.java:46)
	at sun.reflect.NativeMethodAccessorImpl.invoke0(Native Method)
	at sun.reflect.NativeMethodAccessorImpl.invoke(NativeMethodAccessorImpl.java:62)
	at sun.reflect.DelegatingMethodAccessorImpl.invoke(DelegatingMethodAccessorImpl.java:43)
	at java.lang.reflect.Method.invoke(Method.java:498)
	at org.testng.internal.MethodInvocationHelper.invokeMethod(MethodInvocationHelper.java:86)
	at org.testng.internal.Invoker.invokeMethod(Invoker.java:643)
	at org.testng.internal.Invoker.invokeTestMethod(Invoker.java:820)
	at org.testng.internal.Invoker.invokeTestMethods(Invoker.java:1128)
	at org.testng.internal.TestMethodWorker.invokeTestMethods(TestMethodWorker.java:129)
	at org.testng.internal.TestMethodWorker.run(TestMethodWorker.java:112)
	at org.testng.TestRunner.privateRun(TestRunner.java:782)
	at org.testng.TestRunner.run(TestRunner.java:632)
	at org.testng.SuiteRunner.runTest(SuiteRunner.java:366)
	at org.testng.SuiteRunner.runSequentially(SuiteRunner.java:361)
	at org.testng.SuiteRunner.privateRun(SuiteRunner.java:319)
	at org.testng.SuiteRunner.run(SuiteRunner.java:268)
	at org.testng.SuiteRunnerWorker.runSuite(SuiteRunnerWorker.java:52)
	at org.testng.SuiteRunnerWorker.run(SuiteRunnerWorker.java:86)
	at org.testng.TestNG.runSuitesSequentially(TestNG.java:1244)
	at org.testng.TestNG.runSuitesLocally(TestNG.java:1169)
	at org.testng.TestNG.run(TestNG.java:1064)
	at org.testng.remote.AbstractRemoteTestNG.run(AbstractRemoteTestNG.java:114)
	at org.testng.remote.RemoteTestNG.initAndRun(RemoteTestNG.java:251)
	at org.testng.remote.RemoteTestNG.main(RemoteTestNG.java:77)
]]>
            </full-stacktrace>
          </exception> <!-- junit.framework.ComparisonFailure -->
          <reporter-output>
          </reporter-output>
        </test-method> <!-- validatePageTitle -->
        <test-method status="PASS" signature="teaDown()[pri:0, instance:com.qa.testcases.LoginPageTest@578486a3]" name="teaDown" is-config="true" duration-ms="236" started-at="2019-06-03T14:24:58Z" finished-at="2019-06-03T14:24:59Z">
          <reporter-output>
          </reporter-output>
        </test-method> <!-- teaDown -->
        <test-method status="PASS" signature="setup()[pri:0, instance:com.qa.testcases.LoginPageTest@578486a3]" name="setup" is-config="true" duration-ms="4484" started-at="2019-06-03T14:24:59Z" finished-at="2019-06-03T14:25:04Z">
          <reporter-output>
          </reporter-output>
        </test-method> <!-- setup -->
        <test-method status="PASS" signature="ValidateLogin(java.lang.String, java.lang.String)[pri:2, instance:com.qa.testcases.LoginPageTest@578486a3]" name="ValidateLogin" duration-ms="2955" started-at="2019-06-03T14:25:04Z" data-provider="getConnectTestData" finished-at="2019-06-03T14:25:07Z">
          <params>
            <param index="0">
              <value>
                <![CDATA[rajeshte]]>
              </value>
            </param>
            <param index="1">
              <value>
                <![CDATA[burger01]]>
              </value>
            </param>
          </params>
          <reporter-output>
          </reporter-output>
        </test-method> <!-- ValidateLogin -->
        <test-method status="PASS" signature="teaDown()[pri:0, instance:com.qa.testcases.LoginPageTest@578486a3]" name="teaDown" is-config="true" duration-ms="146" started-at="2019-06-03T14:25:07Z" finished-at="2019-06-03T14:25:07Z">
          <reporter-output>
          </reporter-output>
        </test-method> <!-- teaDown -->
      </class> <!-- com.qa.testcases.LoginPageTest -->
    </test> <!-- Admin Tests -->
  </suite> <!-- Test Suite -->
</testng-results>
